build/app/outputs/mapping/release/mapping.txt
# compiler: R8
# compiler_version: 3.3.70
# min_api: 21
# common_typos_disable
# {"id":"com.android.tools.r8.mapping","version":"2.0"}
# pg_map_id: d1baee5
# pg_map_hash: SHA-256 d1baee5fd72a1778c23427fba9374d41fc811cc319fda36e179e50b08858680f
...
com.google.android.gms.internal.mlkit_vision_common.zzhc -> b2.k6:
    com.google.firebase.encoders.FieldDescriptor zzb -> b
    com.google.firebase.encoders.FieldDescriptor zzc -> c
    com.google.android.gms.internal.mlkit_vision_common.zzhc zza -> a
    void encode(java.lang.Object,java.lang.Object) -> a
com.google.android.gms.internal.mlkit_vision_common.zzhd -> b2.l6:
    com.google.firebase.encoders.FieldDescriptor zzb -> b
    com.google.firebase.encoders.FieldDescriptor zzc -> c
    com.google.firebase.encoders.FieldDescriptor zzd -> d
    com.google.android.gms.internal.mlkit_vision_common.zzhd zza -> a
    void encode(java.lang.Object,java.lang.Object) -> a
com.google.android.gms.internal.mlkit_vision_common.zzhe -> b2.m6:
    com.google.firebase.encoders.config.Configurator zza -> a
    void configure(com.google.firebase.encoders.config.EncoderConfig) -> a
com.google.android.gms.internal.mlkit_vision_common.zzhf -> b2.n6:
com.google.android.gms.internal.mlkit_vision_common.zzhg -> b2.o6:
com.google.android.gms.internal.mlkit_vision_common.zzhh -> b2.p6:
com.google.android.gms.internal.mlkit_vision_common.zzhi -> b2.q6:
com.google.android.gms.internal.mlkit_vision_common.zzhj -> b2.r6:
com.google.android.gms.internal.mlkit_vision_common.zzhk -> b2.s6:
com.google.android.gms.internal.mlkit_vision_common.zzhl -> b2.t6:
com.google.android.gms.internal.mlkit_vision_common.zzhm -> b2.u6:
com.google.android.gms.internal.mlkit_vision_common.zzhn -> b2.v6:
com.google.android.gms.internal.mlkit_vision_common.zzho -> b2.w6:
com.google.android.gms.internal.mlkit_vision_common.zzhp -> b2.x6:
com.google.android.gms.internal.mlkit_vision_common.zzhq -> b2.y6:
com.google.android.gms.internal.mlkit_vision_common.zzhr -> b2.z6:
com.google.android.gms.internal.mlkit_vision_common.zzhs -> b2.a7:
com.google.android.gms.internal.mlkit_vision_common.zzht -> b2.b7:
com.google.android.gms.internal.mlkit_vision_common.zzhu -> b2.c7:
com.google.android.gms.internal.mlkit_vision_common.zzhv -> b2.d7:
com.google.android.gms.internal.mlkit_vision_common.zzhw -> b2.e7:
com.google.android.gms.internal.mlkit_vision_common.zzhx -> b2.f7:
com.google.android.gms.internal.mlkit_vision_common.zzhy -> b2.g7:
com.google.android.gms.internal.mlkit_vision_common.zzhz -> b2.h7:
com.google.android.gms.internal.mlkit_vision_common.zzi -> b2.i7:
    void zza(java.lang.Object,java.lang.Object) -> a
com.google.android.gms.internal.mlkit_vision_common.zzia -> b2.j7:
com.google.android.gms.internal.mlkit_vision_common.zzib -> b2.k7:
com.google.android.gms.internal.mlkit_vision_common.zzic -> b2.l7:
com.google.android.gms.internal.mlkit_vision_common.zzid -> b2.m7:
com.google.android.gms.internal.mlkit_vision_common.zzie -> b2.n7:
com.google.android.gms.internal.mlkit_vision_common.zzif -> b2.o7:
com.google.android.gms.internal.mlkit_vision_common.zzig -> b2.p7:
com.google.android.gms.internal.mlkit_vision_common.zzih -> b2.q7:
com.google.android.gms.internal.mlkit_vision_common.zzii -> b2.r7:
com.google.android.gms.internal.mlkit_vision_common.zzij -> b2.s7:
com.google.android.gms.internal.mlkit_vision_common.zzik -> b2.t7:
com.google.android.gms.internal.mlkit_vision_common.zzil -> b2.u7:
com.google.android.gms.internal.mlkit_vision_common.zzim -> b2.v7: